[debug] [2021-05-25T19:09:53.099Z] ----------------------------------------------------------------------
[debug] [2021-05-25T19:09:53.101Z] Command:       /home/savannaha/.nvm/versions/node/v15.12.0/bin/node /home/savannaha/.nvm/versions/node/v15.12.0/bin/firebase deploy
[debug] [2021-05-25T19:09:53.102Z] CLI Version:   9.11.0
[debug] [2021-05-25T19:09:53.102Z] Platform:      linux
[debug] [2021-05-25T19:09:53.102Z] Node Version:  v15.12.0
[debug] [2021-05-25T19:09:53.102Z] Time:          Tue May 25 2021 14:09:53 GMT-0500 (Central Daylight Time)
[debug] [2021-05-25T19:09:53.103Z] ----------------------------------------------------------------------
[debug] 
[debug] [2021-05-25T19:09:53.110Z] > command requires scopes: ["email","openid","https://www.googleapis.com/auth/cloudplatformprojects.readonly","https://www.googleapis.com/auth/firebase","https://www.googleapis.com/auth/cloud-platform"]
[debug] [2021-05-25T19:09:53.111Z] > authorizing via signed-in user (jadebage@gmail.com)
[debug] [2021-05-25T19:09:53.111Z] [iam] checking project library-79cdb for permissions ["cloudconfig.configs.get","cloudconfig.configs.update","cloudfunctions.functions.create","cloudfunctions.functions.delete","cloudfunctions.functions.get","cloudfunctions.functions.list","cloudfunctions.functions.update","cloudfunctions.operations.get","datastore.indexes.create","datastore.indexes.delete","datastore.indexes.list","datastore.indexes.update","firebase.projects.get","firebasedatabase.instances.update","firebasehosting.sites.update","firebaserules.releases.create","firebaserules.releases.update","firebaserules.rulesets.create"]
[debug] [2021-05-25T19:09:53.113Z] >>> HTTP REQUEST POST https://cloudresourcemanager.googleapis.com/v1/projects/library-79cdb:testIamPermissions  
 {"permissions":["cloudconfig.configs.get","cloudconfig.configs.update","cloudfunctions.functions.create","cloudfunctions.functions.delete","cloudfunctions.functions.get","cloudfunctions.functions.list","cloudfunctions.functions.update","cloudfunctions.operations.get","datastore.indexes.create","datastore.indexes.delete","datastore.indexes.list","datastore.indexes.update","firebase.projects.get","firebasedatabase.instances.update","firebasehosting.sites.update","firebaserules.releases.create","firebaserules.releases.update","firebaserules.rulesets.create"]}
[debug] [2021-05-25T19:09:55.281Z] <<< HTTP RESPONSE 200 {"content-type":"application/json; charset=UTF-8","vary":"X-Origin, Referer, Origin,Accept-Encoding","date":"Tue, 25 May 2021 19:09:53 GMT","server":"ESF","cache-control":"private","x-xss-protection":"0","x-frame-options":"SAMEORIGIN","x-content-type-options":"nosniff","server-timing":"gfet4t7; dur=90","alt-svc":"h3-29=\":443\"; ma=2592000,h3-T051=\":443\"; ma=2592000,h3-Q050=\":443\"; ma=2592000,h3-Q046=\":443\"; ma=2592000,h3-Q043=\":443\"; ma=2592000,quic=\":443\"; ma=2592000; v=\"46,43\"","accept-ranges":"none","transfer-encoding":"chunked"}
[debug] [2021-05-25T19:09:55.289Z] >>> HTTP REQUEST POST https://iam.googleapis.com/v1/projects/library-79cdb/serviceAccounts/library-79cdb@appspot.gserviceaccount.com:testIamPermissions  
 {"permissions":["iam.serviceAccounts.actAs"]}
[debug] [2021-05-25T19:09:57.015Z] <<< HTTP RESPONSE 200 {"content-type":"application/json; charset=UTF-8","vary":"X-Origin, Referer, Origin,Accept-Encoding","date":"Tue, 25 May 2021 19:09:55 GMT","server":"ESF","cache-control":"private","x-xss-protection":"0","x-frame-options":"SAMEORIGIN","x-content-type-options":"nosniff","alt-svc":"h3-29=\":443\"; ma=2592000,h3-T051=\":443\"; ma=2592000,h3-Q050=\":443\"; ma=2592000,h3-Q046=\":443\"; ma=2592000,h3-Q043=\":443\"; ma=2592000,quic=\":443\"; ma=2592000; v=\"46,43\"","accept-ranges":"none","transfer-encoding":"chunked"}
[debug] [2021-05-25T19:09:57.020Z] > refreshing access token with scopes: []
[debug] [2021-05-25T19:09:57.021Z] >>> HTTP REQUEST POST https://www.googleapis.com/oauth2/v3/token  
 <request body omitted>
